  Background.cpp
d:\github\circuscharlie\circus-charlie\circuscharlie\circuscharlie\background.cpp(15): warning C4244: '=': 'double'에서 'float'(으)로 변환하면서 데이터가 손실될 수 있습니다.
d:\github\circuscharlie\circus-charlie\circuscharlie\circuscharlie\background.cpp(16): warning C4244: '=': 'int'에서 'float'(으)로 변환하면서 데이터가 손실될 수 있습니다.
d:\github\circuscharlie\circus-charlie\circuscharlie\circuscharlie\background.cpp(22): warning C4244: '=': 'LONG'에서 'float'(으)로 변환하면서 데이터가 손실될 수 있습니다.
d:\github\circuscharlie\circus-charlie\circuscharlie\circuscharlie\background.cpp(23): warning C4244: '=': 'double'에서 'float'(으)로 변환하면서 데이터가 손실될 수 있습니다.
d:\github\circuscharlie\circus-charlie\circuscharlie\circuscharlie\background.cpp(32): warning C4244: '=': 'int'에서 'float'(으)로 변환하면서 데이터가 손실될 수 있습니다.
d:\github\circuscharlie\circus-charlie\circuscharlie\circuscharlie\background.cpp(46): warning C4244: '초기화 중': 'double'에서 'int'(으)로 변환하면서 데이터가 손실될 수 있습니다.
d:\github\circuscharlie\circus-charlie\circuscharlie\circuscharlie\background.cpp(75): warning C4244: '초기화 중': 'float'에서 'int'(으)로 변환하면서 데이터가 손실될 수 있습니다.
d:\github\circuscharlie\circus-charlie\circuscharlie\circuscharlie\background.cpp(76): warning C4244: '초기화 중': 'float'에서 'int'(으)로 변환하면서 데이터가 손실될 수 있습니다.
d:\github\circuscharlie\circus-charlie\circuscharlie\circuscharlie\background.cpp(80): warning C4244: '=': 'int'에서 'float'(으)로 변환하면서 데이터가 손실될 수 있습니다.
d:\github\circuscharlie\circus-charlie\circuscharlie\circuscharlie\background.cpp(81): warning C4244: '=': 'int'에서 'float'(으)로 변환하면서 데이터가 손실될 수 있습니다.
d:\github\circuscharlie\circus-charlie\circuscharlie\circuscharlie\background.cpp(149): warning C4305: '인수': 'double'에서 'float'(으)로 잘립니다.
d:\github\circuscharlie\circus-charlie\circuscharlie\circuscharlie\background.cpp(149): warning C4244: '인수': 'float'에서 'int'(으)로 변환하면서 데이터가 손실될 수 있습니다.
d:\github\circuscharlie\circus-charlie\circuscharlie\circuscharlie\background.cpp(151): warning C4305: '인수': 'double'에서 'float'(으)로 잘립니다.
d:\github\circuscharlie\circus-charlie\circuscharlie\circuscharlie\background.cpp(151): warning C4244: '인수': 'float'에서 'int'(으)로 변환하면서 데이터가 손실될 수 있습니다.
d:\github\circuscharlie\circus-charlie\circuscharlie\circuscharlie\background.cpp(159): warning C4305: '인수': 'double'에서 'float'(으)로 잘립니다.
d:\github\circuscharlie\circus-charlie\circuscharlie\circuscharlie\background.cpp(159): warning C4244: '인수': 'float'에서 'int'(으)로 변환하면서 데이터가 손실될 수 있습니다.
d:\github\circuscharlie\circus-charlie\circuscharlie\circuscharlie\background.cpp(164): warning C4244: '인수': 'float'에서 'int'(으)로 변환하면서 데이터가 손실될 수 있습니다.
d:\github\circuscharlie\circus-charlie\circuscharlie\circuscharlie\background.cpp(174): warning C4244: '인수': 'float'에서 'int'(으)로 변환하면서 데이터가 손실될 수 있습니다.
d:\github\circuscharlie\circus-charlie\circuscharlie\circuscharlie\background.cpp(177): warning C4244: '인수': 'float'에서 'int'(으)로 변환하면서 데이터가 손실될 수 있습니다.
  CircusCharlie.vcxproj -> D:\Github\CircusCharlie\Circus-Charlie\CircusCharlie\Debug\CircusCharlie.exe
